<?xml version="1.0" encoding="UTF-8"?>
<testng-results ignored="0" total="3" passed="3" failed="0" skipped="0">
  <reporter-output>
  </reporter-output>
  <suite started-at="2026-06-14T00:39:07 MSK" name="Surefire suite" finished-at="2026-06-14T00:39:07 MSK" duration-ms="28">
    <groups>
    </groups>
    <test started-at="2026-06-14T00:39:07 MSK" name="Surefire test" finished-at="2026-06-14T00:39:07 MSK" duration-ms="28">
      <class name="FirstTest">
        <test-method signature="ThirdTest()[pri:0, instance:FirstTest@22635ba0]" started-at="2026-06-14T00:39:07 MSK" name="ThirdTest" finished-at="2026-06-14T00:39:07 MSK" duration-ms="4" status="PASS">
          <reporter-output>
          </reporter-output>
        </test-method> <!-- ThirdTest -->
        <test-method signature="firstTest()[pri:0, instance:FirstTest@22635ba0]" started-at="2026-06-14T00:39:07 MSK" name="firstTest" finished-at="2026-06-14T00:39:07 MSK" duration-ms="0" status="PASS">
          <reporter-output>
          </reporter-output>
        </test-method> <!-- firstTest -->
        <test-method signature="secondTest()[pri:0, instance:FirstTest@22635ba0]" started-at="2026-06-14T00:39:07 MSK" name="secondTest" finished-at="2026-06-14T00:39:07 MSK" duration-ms="0" status="PASS">
          <reporter-output>
          </reporter-output>
        </test-method> <!-- secondTest -->
      </class> <!-- FirstTest -->
    </test> <!-- Surefire test -->
  </suite> <!-- Surefire suite -->
</testng-results>
