<?xml version="1.0" encoding="UTF-8"?>
<testng-results ignored="0" total="1" passed="1" failed="0" skipped="0">
  <reporter-output>
  </reporter-output>
  <suite started-at="2026-06-13T15:17:18 MSK" name="Surefire suite" finished-at="2026-06-13T15:17:18 MSK" duration-ms="27">
    <groups>
    </groups>
    <test started-at="2026-06-13T15:17:18 MSK" name="Surefire test" finished-at="2026-06-13T15:17:18 MSK" duration-ms="27">
      <class name="FirstTest">
        <test-method signature="firstTest()[pri:0, instance:FirstTest@50a7bc6e]" started-at="2026-06-13T15:17:18 MSK" name="firstTest" finished-at="2026-06-13T15:17:18 MSK" duration-ms="3" status="PASS">
          <reporter-output>
          </reporter-output>
        </test-method> <!-- firstTest -->
      </class> <!-- FirstTest -->
    </test> <!-- Surefire test -->
  </suite> <!-- Surefire suite -->
</testng-results>
